Listening on port 8080...
request to: /posts
request to: /posts
request to: /posts
request to: /
request to: /
request to: /projects
request to: /
request to: /
request to: /
request to: /
request to: /
request to: /
request to: /phpmyadmin/scripts/setup.php
request to: /robots.txt
request to: /
request to: /
request to: /favicon.ico
request to: /about-me
request to: /
request to: /
request to: /
request to: /robots.txt
request to: /contact
request to: /
request to: /
request to: /
request to: /
request to: /favicon.ico
request to: /robots.txt
request to: /
request to: /
request to: /robots.txt
request to: /
request to: /robots.txt
request to: /
request to: /
request to: /robots.txt
request to: /
request to: /about-me
request to: /about-me
request to: /
request to: /
request to: /
request to: /
request to: /
request to: /recordings/
