=> Booting Puma
=> Rails 5.0.2 application starting in development on http://localhost:3000
=> Run `rails server -h` for more startup options
Puma starting in single mode...
* Version 3.8.2 (ruby 2.4.1-p111), codename: Sassy Salamander
* Min threads: 5, max threads: 5
* Environment: development
* Listening on tcp://localhost:3000
Use Ctrl-C to stop
- Gracefully stopping, waiting for requests to finish
=== puma shutdown: 2017-04-29 20:54:52 +0000 ===
- Goodbye!
Exiting
A server is already running. Check /home/ubuntu/personal-site/luke_api/tmp/pids/server.pid.
=> Booting Puma
=> Rails 5.0.2 application starting in development on http://localhost:3000
=> Run `rails server -h` for more startup options
Exiting
A server is already running. Check /home/ubuntu/personal-site/luke_api/tmp/pids/server.pid.
=> Booting Puma
=> Rails 5.0.2 application starting in development on http://localhost:3000
=> Run `rails server -h` for more startup options
Exiting
=> Booting Puma
=> Rails 5.0.2 application starting in development on http://localhost:3000
=> Run `rails server -h` for more startup options
Puma starting in single mode...
* Version 3.8.2 (ruby 2.4.1-p111), codename: Sassy Salamander
* Min threads: 5, max threads: 5
* Environment: development
* Listening on tcp://localhost:3000
Use Ctrl-C to stop
Started GET "/api/posts" for 127.0.0.1 at 2017-05-01 08:31:37 +0000
  [1m[36mActiveRecord::SchemaMigration Load (0.3ms)[0m  [1m[34mSELECT "schema_migrations".* FROM "schema_migrations"[0m
Processing by Api::PostsController#index as */*
  [1m[36mPost Load (0.3ms)[0m  [1m[34mSELECT "posts".* FROM "posts"[0m
  [1m[35m (0.3ms)[0m  [1m[34mSELECT "posts"."id" FROM "posts" ORDER BY "posts"."created_at" ASC[0m
Completed 200 OK in 10ms (Views: 1.0ms | ActiveRecord: 3.1ms)


Started GET "/api/posts" for 127.0.0.1 at 2017-05-01 08:31:47 +0000
Processing by Api::PostsController#index as */*
  [1m[36mPost Load (0.4ms)[0m  [1m[34mSELECT "posts".* FROM "posts"[0m
  [1m[35m (0.3ms)[0m  [1m[34mSELECT "posts"."id" FROM "posts" ORDER BY "posts"."created_at" ASC[0m
Completed 200 OK in 3ms (Views: 0.8ms | ActiveRecord: 0.7ms)


Started GET "/api/projects" for 127.0.0.1 at 2017-05-01 08:31:49 +0000
Processing by Api::ProjectsController#index as */*
  [1m[36mProject Load (0.3ms)[0m  [1m[34mSELECT "projects".* FROM "projects"[0m
  [1m[35m (0.2ms)[0m  [1m[34mSELECT "projects"."id" FROM "projects" ORDER BY "projects"."created_at" ASC[0m
Completed 200 OK in 12ms (Views: 0.7ms | ActiveRecord: 3.9ms)


Started GET "/api/posts" for 127.0.0.1 at 2017-05-01 08:31:51 +0000
Processing by Api::PostsController#index as */*
  [1m[36mPost Load (0.3ms)[0m  [1m[34mSELECT "posts".* FROM "posts"[0m
  [1m[35m (0.2ms)[0m  [1m[34mSELECT "posts"."id" FROM "posts" ORDER BY "posts"."created_at" ASC[0m
Completed 200 OK in 2ms (Views: 0.8ms | ActiveRecord: 0.4ms)


Started GET "/api/posts" for 127.0.0.1 at 2017-05-01 08:32:14 +0000
Processing by Api::PostsController#index as */*
  [1m[36mPost Load (0.3ms)[0m  [1m[34mSELECT "posts".* FROM "posts"[0m
  [1m[35m (0.2ms)[0m  [1m[34mSELECT "posts"."id" FROM "posts" ORDER BY "posts"."created_at" ASC[0m
Completed 200 OK in 2ms (Views: 0.7ms | ActiveRecord: 0.5ms)


Started GET "/api/projects" for 127.0.0.1 at 2017-05-01 08:32:16 +0000
Processing by Api::ProjectsController#index as */*
  [1m[36mProject Load (0.2ms)[0m  [1m[34mSELECT "projects".* FROM "projects"[0m
  [1m[35m (0.2ms)[0m  [1m[34mSELECT "projects"."id" FROM "projects" ORDER BY "projects"."created_at" ASC[0m
Completed 200 OK in 2ms (Views: 0.6ms | ActiveRecord: 0.4ms)


Started GET "/api/posts" for 127.0.0.1 at 2017-05-01 08:32:19 +0000
Processing by Api::PostsController#index as */*
  [1m[36mPost Load (0.2ms)[0m  [1m[34mSELECT "posts".* FROM "posts"[0m
  [1m[35m (0.2ms)[0m  [1m[34mSELECT "posts"."id" FROM "posts" ORDER BY "posts"."created_at" ASC[0m
Completed 200 OK in 2ms (Views: 0.7ms | ActiveRecord: 0.4ms)


Started GET "/api/posts" for 127.0.0.1 at 2017-05-01 08:32:21 +0000
Processing by Api::PostsController#index as */*
  [1m[36mPost Load (0.2ms)[0m  [1m[34mSELECT "posts".* FROM "posts"[0m
  [1m[35m (0.2ms)[0m  [1m[34mSELECT "posts"."id" FROM "posts" ORDER BY "posts"."created_at" ASC[0m
Completed 200 OK in 2ms (Views: 0.7ms | ActiveRecord: 0.4ms)


Started GET "/api/posts" for 127.0.0.1 at 2017-05-01 08:32:32 +0000
Processing by Api::PostsController#index as */*
  [1m[36mPost Load (0.2ms)[0m  [1m[34mSELECT "posts".* FROM "posts"[0m
  [1m[35m (0.2ms)[0m  [1m[34mSELECT "posts"."id" FROM "posts" ORDER BY "posts"."created_at" ASC[0m
Completed 200 OK in 2ms (Views: 0.7ms | ActiveRecord: 0.4ms)


Started GET "/api/posts" for 127.0.0.1 at 2017-05-01 08:34:59 +0000
Processing by Api::PostsController#index as */*
  [1m[36mPost Load (0.2ms)[0m  [1m[34mSELECT "posts".* FROM "posts"[0m
  [1m[35m (0.1ms)[0m  [1m[34mSELECT "posts"."id" FROM "posts" ORDER BY "posts"."created_at" ASC[0m
Completed 200 OK in 2ms (Views: 0.7ms | ActiveRecord: 0.4ms)


Started GET "/api/posts" for 127.0.0.1 at 2017-05-01 08:35:01 +0000
Processing by Api::PostsController#index as */*
  [1m[36mPost Load (0.2ms)[0m  [1m[34mSELECT "posts".* FROM "posts"[0m
  [1m[35m (0.2ms)[0m  [1m[34mSELECT "posts"."id" FROM "posts" ORDER BY "posts"."created_at" ASC[0m
Completed 200 OK in 2ms (Views: 0.7ms | ActiveRecord: 0.4ms)


Started GET "/api/projects" for 127.0.0.1 at 2017-05-01 08:35:04 +0000
Processing by Api::ProjectsController#index as */*
  [1m[36mProject Load (0.2ms)[0m  [1m[34mSELECT "projects".* FROM "projects"[0m
  [1m[35m (0.2ms)[0m  [1m[34mSELECT "projects"."id" FROM "projects" ORDER BY "projects"."created_at" ASC[0m
Completed 200 OK in 2ms (Views: 0.6ms | ActiveRecord: 0.4ms)


Started GET "/api/projects" for 127.0.0.1 at 2017-05-01 08:36:45 +0000
Processing by Api::ProjectsController#index as */*
  [1m[36mProject Load (0.3ms)[0m  [1m[34mSELECT "projects".* FROM "projects"[0m
  [1m[35m (0.2ms)[0m  [1m[34mSELECT "projects"."id" FROM "projects" ORDER BY "projects"."created_at" ASC[0m
Completed 200 OK in 2ms (Views: 0.6ms | ActiveRecord: 0.5ms)


Started GET "/api/posts" for 127.0.0.1 at 2017-05-01 15:58:08 +0000
Processing by Api::PostsController#index as */*
  [1m[36mPost Load (0.2ms)[0m  [1m[34mSELECT "posts".* FROM "posts"[0m
  [1m[35m (0.2ms)[0m  [1m[34mSELECT "posts"."id" FROM "posts" ORDER BY "posts"."created_at" ASC[0m
Completed 200 OK in 2ms (Views: 0.7ms | ActiveRecord: 0.4ms)


Started GET "/api/projects" for 127.0.0.1 at 2017-05-01 15:58:10 +0000
Processing by Api::ProjectsController#index as */*
  [1m[36mProject Load (0.2ms)[0m  [1m[34mSELECT "projects".* FROM "projects"[0m
  [1m[35m (0.2ms)[0m  [1m[34mSELECT "projects"."id" FROM "projects" ORDER BY "projects"."created_at" ASC[0m
Completed 200 OK in 2ms (Views: 0.6ms | ActiveRecord: 0.3ms)


Started GET "/api/projects" for 127.0.0.1 at 2017-05-02 01:39:31 +0000
Processing by Api::ProjectsController#index as */*
  [1m[36mProject Load (0.2ms)[0m  [1m[34mSELECT "projects".* FROM "projects"[0m
  [1m[35m (0.2ms)[0m  [1m[34mSELECT "projects"."id" FROM "projects" ORDER BY "projects"."created_at" ASC[0m
Completed 200 OK in 2ms (Views: 0.7ms | ActiveRecord: 0.4ms)


Started GET "/api/posts" for 127.0.0.1 at 2017-05-02 01:39:50 +0000
Processing by Api::PostsController#index as */*
  [1m[36mPost Load (0.2ms)[0m  [1m[34mSELECT "posts".* FROM "posts"[0m
  [1m[35m (0.2ms)[0m  [1m[34mSELECT "posts"."id" FROM "posts" ORDER BY "posts"."created_at" ASC[0m
Completed 200 OK in 2ms (Views: 0.7ms | ActiveRecord: 0.4ms)


Started GET "/api/posts" for 127.0.0.1 at 2017-05-02 01:39:53 +0000
Processing by Api::PostsController#index as */*
  [1m[36mPost Load (0.3ms)[0m  [1m[34mSELECT "posts".* FROM "posts"[0m
  [1m[35m (0.2ms)[0m  [1m[34mSELECT "posts"."id" FROM "posts" ORDER BY "posts"."created_at" ASC[0m
Completed 200 OK in 2ms (Views: 0.7ms | ActiveRecord: 0.4ms)


Started GET "/api/projects" for 127.0.0.1 at 2017-05-03 03:56:02 +0000
  [1m[36mActiveRecord::SchemaMigration Load (0.1ms)[0m  [1m[34mSELECT "schema_migrations".* FROM "schema_migrations"[0m
  
ActiveRecord::PendingMigrationError (

Migrations are pending. To resolve this issue, run:

        bin/rails db:migrate RAILS_ENV=development

):
  
activerecord (5.0.2) lib/active_record/migration.rb:573:in `check_pending!'
activerecord (5.0.2) lib/active_record/migration.rb:549:in `call'
actionpack (5.0.2) lib/action_dispatch/middleware/callbacks.rb:38:in `block in call'
activesupport (5.0.2) lib/active_support/callbacks.rb:97:in `__run_callbacks__'
activesupport (5.0.2) lib/active_support/callbacks.rb:750:in `_run_call_callbacks'
activesupport (5.0.2) lib/active_support/callbacks.rb:90:in `run_callbacks'
actionpack (5.0.2) lib/action_dispatch/middleware/callbacks.rb:36:in `call'
actionpack (5.0.2) lib/action_dispatch/middleware/executor.rb:12:in `call'
actionpack (5.0.2) lib/action_dispatch/middleware/remote_ip.rb:79:in `call'
actionpack (5.0.2) lib/action_dispatch/middleware/debug_exceptions.rb:49:in `call'
actionpack (5.0.2) lib/action_dispatch/middleware/show_exceptions.rb:31:in `call'
railties (5.0.2) lib/rails/rack/logger.rb:36:in `call_app'
railties (5.0.2) lib/rails/rack/logger.rb:24:in `block in call'
activesupport (5.0.2) lib/active_support/tagged_logging.rb:69:in `block in tagged'
activesupport (5.0.2) lib/active_support/tagged_logging.rb:26:in `tagged'
activesupport (5.0.2) lib/active_support/tagged_logging.rb:69:in `tagged'
railties (5.0.2) lib/rails/rack/logger.rb:24:in `call'
actionpack (5.0.2) lib/action_dispatch/middleware/request_id.rb:24:in `call'
rack (2.0.1) lib/rack/runtime.rb:22:in `call'
activesupport (5.0.2) lib/active_support/cache/strategy/local_cache_middleware.rb:28:in `call'
actionpack (5.0.2) lib/action_dispatch/middleware/executor.rb:12:in `call'
actionpack (5.0.2) lib/action_dispatch/middleware/static.rb:136:in `call'
rack (2.0.1) lib/rack/sendfile.rb:111:in `call'
railties (5.0.2) lib/rails/engine.rb:522:in `call'
puma (3.8.2) lib/puma/configuration.rb:224:in `call'
puma (3.8.2) lib/puma/server.rb:600:in `handle_request'
puma (3.8.2) lib/puma/server.rb:435:in `process_client'
puma (3.8.2) lib/puma/server.rb:299:in `block in run'
puma (3.8.2) lib/puma/thread_pool.rb:120:in `block in spawn_thread'
Started GET "/api/projects" for 127.0.0.1 at 2017-05-03 03:57:17 +0000
  [1m[36mActiveRecord::SchemaMigration Load (0.1ms)[0m  [1m[34mSELECT "schema_migrations".* FROM "schema_migrations"[0m
Processing by Api::ProjectsController#index as */*
  [1m[36mProject Load (0.2ms)[0m  [1m[34mSELECT "projects".* FROM "projects"[0m
  [1m[35m (0.2ms)[0m  [1m[34mSELECT "projects"."id" FROM "projects" ORDER BY "projects"."created_at" ASC[0m
Completed 200 OK in 14ms (Views: 1.0ms | ActiveRecord: 2.5ms)


Started GET "/api/posts" for 127.0.0.1 at 2017-05-03 03:57:23 +0000
Processing by Api::PostsController#index as */*
  [1m[36mPost Load (0.6ms)[0m  [1m[34mSELECT "posts".* FROM "posts"[0m
  [1m[35m (0.2ms)[0m  [1m[34mSELECT "posts"."url_name" FROM "posts" ORDER BY "posts"."created_at" ASC[0m
Completed 200 OK in 11ms (Views: 1.7ms | ActiveRecord: 3.1ms)


Started GET "/api/posts" for 127.0.0.1 at 2017-05-03 03:57:24 +0000
Processing by Api::PostsController#index as */*
  [1m[36mPost Load (0.4ms)[0m  [1m[34mSELECT "posts".* FROM "posts"[0m
  [1m[35m (0.2ms)[0m  [1m[34mSELECT "posts"."url_name" FROM "posts" ORDER BY "posts"."created_at" ASC[0m
Completed 200 OK in 3ms (Views: 1.6ms | ActiveRecord: 0.6ms)


Started GET "/api/posts" for 127.0.0.1 at 2017-05-03 03:57:26 +0000
Processing by Api::PostsController#index as */*
  [1m[36mPost Load (0.3ms)[0m  [1m[34mSELECT "posts".* FROM "posts"[0m
  [1m[35m (0.2ms)[0m  [1m[34mSELECT "posts"."url_name" FROM "posts" ORDER BY "posts"."created_at" ASC[0m
Completed 200 OK in 3ms (Views: 1.6ms | ActiveRecord: 0.5ms)


Started GET "/api/projects" for 127.0.0.1 at 2017-05-03 03:57:58 +0000
Processing by Api::ProjectsController#index as */*
  [1m[36mProject Load (0.2ms)[0m  [1m[34mSELECT "projects".* FROM "projects"[0m
  [1m[35m (0.2ms)[0m  [1m[34mSELECT "projects"."id" FROM "projects" ORDER BY "projects"."created_at" ASC[0m
Completed 200 OK in 2ms (Views: 1.0ms | ActiveRecord: 0.4ms)


Started GET "/api/projects" for 127.0.0.1 at 2017-05-03 03:58:01 +0000
Processing by Api::ProjectsController#index as */*
  [1m[36mProject Load (0.3ms)[0m  [1m[34mSELECT "projects".* FROM "projects"[0m
  [1m[35m (0.2ms)[0m  [1m[34mSELECT "projects"."id" FROM "projects" ORDER BY "projects"."created_at" ASC[0m
Completed 200 OK in 2ms (Views: 0.9ms | ActiveRecord: 0.5ms)


Started GET "/api/posts" for 127.0.0.1 at 2017-05-03 03:58:10 +0000
Processing by Api::PostsController#index as */*
  [1m[36mPost Load (0.3ms)[0m  [1m[34mSELECT "posts".* FROM "posts"[0m
  [1m[35m (0.2ms)[0m  [1m[34mSELECT "posts"."url_name" FROM "posts" ORDER BY "posts"."created_at" ASC[0m
Completed 200 OK in 3ms (Views: 1.6ms | ActiveRecord: 0.5ms)


Started GET "/api/posts" for 127.0.0.1 at 2017-05-03 03:58:17 +0000
Processing by Api::PostsController#index as */*
  [1m[36mPost Load (0.3ms)[0m  [1m[34mSELECT "posts".* FROM "posts"[0m
  [1m[35m (0.2ms)[0m  [1m[34mSELECT "posts"."url_name" FROM "posts" ORDER BY "posts"."created_at" ASC[0m
Completed 200 OK in 3ms (Views: 1.6ms | ActiveRecord: 0.5ms)


Started GET "/api/posts" for 127.0.0.1 at 2017-05-03 03:58:21 +0000
Processing by Api::PostsController#index as */*
  [1m[36mPost Load (0.3ms)[0m  [1m[34mSELECT "posts".* FROM "posts"[0m
  [1m[35m (0.2ms)[0m  [1m[34mSELECT "posts"."url_name" FROM "posts" ORDER BY "posts"."created_at" ASC[0m
Completed 200 OK in 3ms (Views: 1.7ms | ActiveRecord: 0.5ms)


Started GET "/api/posts" for 127.0.0.1 at 2017-05-03 03:58:22 +0000
Processing by Api::PostsController#index as */*
  [1m[36mPost Load (0.4ms)[0m  [1m[34mSELECT "posts".* FROM "posts"[0m
  [1m[35m (0.2ms)[0m  [1m[34mSELECT "posts"."url_name" FROM "posts" ORDER BY "posts"."created_at" ASC[0m
Completed 200 OK in 3ms (Views: 1.6ms | ActiveRecord: 0.5ms)


Started GET "/api/posts" for 127.0.0.1 at 2017-05-03 03:59:52 +0000
Processing by Api::PostsController#index as */*
  [1m[36mPost Load (0.4ms)[0m  [1m[34mSELECT "posts".* FROM "posts"[0m
  [1m[35m (0.2ms)[0m  [1m[34mSELECT "posts"."url_name" FROM "posts" ORDER BY "posts"."created_at" ASC[0m
Completed 200 OK in 3ms (Views: 1.7ms | ActiveRecord: 0.5ms)


Started GET "/api/projects" for 127.0.0.1 at 2017-05-03 03:59:52 +0000
Processing by Api::ProjectsController#index as */*
  [1m[36mProject Load (0.2ms)[0m  [1m[34mSELECT "projects".* FROM "projects"[0m
  [1m[35m (0.2ms)[0m  [1m[34mSELECT "projects"."id" FROM "projects" ORDER BY "projects"."created_at" ASC[0m
Completed 200 OK in 2ms (Views: 1.0ms | ActiveRecord: 0.4ms)


Started GET "/api/posts" for 127.0.0.1 at 2017-05-03 04:00:44 +0000
Processing by Api::PostsController#index as */*
  [1m[36mPost Load (0.3ms)[0m  [1m[34mSELECT "posts".* FROM "posts"[0m
  [1m[35m (0.2ms)[0m  [1m[34mSELECT "posts"."url_name" FROM "posts" ORDER BY "posts"."created_at" ASC[0m
Completed 200 OK in 3ms (Views: 1.7ms | ActiveRecord: 0.5ms)


Started GET "/api/projects" for 127.0.0.1 at 2017-05-03 04:00:50 +0000
Processing by Api::ProjectsController#index as */*
  [1m[36mProject Load (0.2ms)[0m  [1m[34mSELECT "projects".* FROM "projects"[0m
  [1m[35m (0.2ms)[0m  [1m[34mSELECT "projects"."id" FROM "projects" ORDER BY "projects"."created_at" ASC[0m
Completed 200 OK in 2ms (Views: 1.0ms | ActiveRecord: 0.4ms)


